android/app/build/intermediates/manifest_merge_blame_file/debug/processDebugMainManifest/manifest-merger-blame-debug-report.txt
1<?xml version="1.0" encoding="utf-8"?>
2<manifest xmlns:android="http://schemas.android.com/apk/res/android"
3    package="com.icebr8k.android"
4    android:versionCode="28"
5    android:versionName="1.0.0" >
6
7    <uses-sdk
8        android:minSdkVersion="27"
9        android:targetSdkVersion="34" />
10    <!--
11         Flutter needs it to communicate with the running application
12         to allow setting breakpoints, to provide hot reload, etc.
13    -->
14    <uses-permission android:name="android.permission.INTERNET" />
14-->src\main\AndroidManifest.xml:2:5-66
14-->src\main\AndroidManifest.xml:2:22-64
15    <uses-permission android:name="android.permission.ACCESS_FINE_LOCATION" />
15-->src\main\AndroidManifest.xml:3:5-79
15-->src\main\AndroidManifest.xml:3:22-76
16
17    <queries>
17-->src\main\AndroidManifest.xml:4:5-20:15
18
19        <!-- If your app opens https URLs -->
20        <intent>
20-->src\main\AndroidManifest.xml:6:9-9:18
21            <action android:name="android.intent.action.VIEW" />
21-->src\main\AndroidManifest.xml:7:13-65
21-->src\main\AndroidManifest.xml:7:21-62
22
23            <data android:scheme="https" />
23-->src\main\AndroidManifest.xml:8:13-44
23-->src\main\AndroidManifest.xml:8:19-41
24        </intent>
25        <!-- If your app makes calls -->
26        <intent>
26-->src\main\AndroidManifest.xml:11:9-14:18
27            <action android:name="android.intent.action.DIAL" />
27-->src\main\AndroidManifest.xml:12:13-65
27-->src\main\AndroidManifest.xml:12:21-62
28
29            <data android:scheme="tel" />
29-->src\main\AndroidManifest.xml:8:13-44
29-->src\main\AndroidManifest.xml:8:19-41
30        </intent>
31        <!-- If your app emails -->
32        <intent>
32-->src\main\AndroidManifest.xml:16:9-19:18
33            <action android:name="android.intent.action.SEND" />
33-->src\main\AndroidManifest.xml:17:13-65
33-->src\main\AndroidManifest.xml:17:21-62
34
35            <data android:mimeType="*/*" />
35-->src\main\AndroidManifest.xml:8:13-44
36        </intent>
37        <intent>
37-->[com.android.billingclient:billing:7.1.1] AndroidManifest.xml:13:9-15:18
38            <action android:name="com.android.vending.billing.InAppBillingService.BIND" />
38-->[com.android.billingclient:billing:7.1.1] AndroidManifest.xml:14:13-91
38-->[com.android.billingclient:billing:7.1.1] AndroidManifest.xml:14:21-88
39        </intent>
40        <intent>
40-->[com.android.billingclient:billing:7.1.1] AndroidManifest.xml:16:9-18:18
41            <action android:name="com.google.android.apps.play.billingtestcompanion.BillingOverrideService.BIND" />
41-->[com.android.billingclient:billing:7.1.1] AndroidManifest.xml:17:13-116
41-->[com.android.billingclient:billing:7.1.1] AndroidManifest.xml:17:21-113
42        </intent> <!-- For browser content -->
43        <intent>
43-->[com.google.android.gms:play-services-ads-lite:23.6.0] AndroidManifest.xml:38:9-44:18
44            <action android:name="android.intent.action.VIEW" />
44-->src\main\AndroidManifest.xml:7:13-65
44-->src\main\AndroidManifest.xml:7:21-62
45
46            <category android:name="android.intent.category.BROWSABLE" />
46-->[com.google.firebase:firebase-auth:23.2.0] AndroidManifest.xml:39:17-78
46-->[com.google.firebase:firebase-auth:23.2.0] AndroidManifest.xml:39:27-75
47
48            <data android:scheme="https" />
48-->src\main\AndroidManifest.xml:8:13-44
48-->src\main\AndroidManifest.xml:8:19-41
49        </intent> <!-- End of browser content -->
50        <!-- For CustomTabsService -->
51        <intent>
51-->[com.google.android.gms:play-services-ads-lite:23.6.0] AndroidManifest.xml:47:9-49:18
52            <action android:name="android.support.customtabs.action.CustomTabsService" />
52-->[com.google.android.gms:play-services-ads-lite:23.6.0] AndroidManifest.xml:48:13-90
52-->[com.google.android.gms:play-services-ads-lite:23.6.0] AndroidManifest.xml:48:21-87
53        </intent> <!-- End of CustomTabsService -->
54        <!-- For MRAID capabilities -->
55        <intent>
55-->[com.google.android.gms:play-services-ads-lite:23.6.0] AndroidManifest.xml:52:9-56:18
56            <action android:name="android.intent.action.INSERT" />
56-->[com.google.android.gms:play-services-ads-lite:23.6.0] AndroidManifest.xml:53:13-67
56-->[com.google.android.gms:play-services-ads-lite:23.6.0] AndroidManifest.xml:53:21-64
57
58            <data android:mimeType="vnd.android.cursor.dir/event" />
58-->src\main\AndroidManifest.xml:8:13-44
59        </intent>
60        <intent>
60-->[com.google.android.gms:play-services-ads-lite:23.6.0] AndroidManifest.xml:57:9-61:18
61            <action android:name="android.intent.action.VIEW" />
61-->src\main\AndroidManifest.xml:7:13-65
61-->src\main\AndroidManifest.xml:7:21-62
62
63            <data android:scheme="sms" />
63-->src\main\AndroidManifest.xml:8:13-44
63-->src\main\AndroidManifest.xml:8:19-41
64        </intent>
65        <intent>
65-->[com.google.android.gms:play-services-ads-lite:23.6.0] AndroidManifest.xml:62:9-66:18
66            <action android:name="android.intent.action.DIAL" />
66-->src\main\AndroidManifest.xml:12:13-65
66-->src\main\AndroidManifest.xml:12:21-62
67
68            <data android:path="tel:" />
68-->src\main\AndroidManifest.xml:8:13-44
69        </intent>
70    </queries>
71    <queries>
71-->src\main\AndroidManifest.xml:4:5-20:15
72        <intent>
73            <action android:name="android.media.action.IMAGE_CAPTURE" />
74        </intent>
75    </queries>
76
77    <uses-permission android:name="android.permission.ACCESS_NETWORK_STATE" />
77-->[:firebase_analytics] AndroidManifest.xml:7:5-79
77-->[:firebase_analytics] AndroidManifest.xml:7:22-76
78    <uses-permission android:name="android.permission.WAKE_LOCK" /> <!-- Permissions options for the `notification` group -->
78-->[:firebase_analytics] AndroidManifest.xml:9:5-68
78-->[:firebase_analytics] AndroidManifest.xml:9:22-65
79    <uses-permission android:name="android.permission.POST_NOTIFICATIONS" />
79-->[:firebase_messaging] AndroidManifest.xml:11:5-77
79-->[:firebase_messaging] AndroidManifest.xml:11:22-74
80    <uses-permission android:name="com.android.vending.BILLING" />
80-->[com.android.billingclient:billing:7.1.1] AndroidManifest.xml:10:5-67
80-->[com.android.billingclient:billing:7.1.1] AndroidManifest.xml:10:22-64
81    <uses-permission android:name="com.google.android.gms.permission.AD_ID" />
81-->[com.google.android.gms:play-services-ads-lite:23.6.0] AndroidManifest.xml:26:5-79
81-->[com.google.android.gms:play-services-ads-lite:23.6.0] AndroidManifest.xml:26:22-76
82    <uses-permission android:name="android.permission.ACCESS_ADSERVICES_AD_ID" />
82-->[com.google.android.gms:play-services-ads-lite:23.6.0] AndroidManifest.xml:27:5-82
82-->[com.google.android.gms:play-services-ads-lite:23.6.0] AndroidManifest.xml:27:22-79
83    <uses-permission android:name="android.permission.ACCESS_ADSERVICES_ATTRIBUTION" />
83-->[com.google.android.gms:play-services-ads-lite:23.6.0] AndroidManifest.xml:28:5-88
83-->[com.google.android.gms:play-services-ads-lite:23.6.0] AndroidManifest.xml:28:22-85
84    <uses-permission android:name="android.permission.ACCESS_ADSERVICES_TOPICS" /> <!-- Required by older versions of Google Play services to create IID tokens -->
84-->[com.google.android.gms:play-services-ads-lite:23.6.0] AndroidManifest.xml:29:5-83
84-->[com.google.android.gms:play-services-ads-lite:23.6.0] AndroidManifest.xml:29:22-80
85    <uses-permission android:name="com.google.android.c2dm.permission.RECEIVE" />
85-->[com.google.firebase:firebase-messaging:24.1.0] AndroidManifest.xml:26:5-82
85-->[com.google.firebase:firebase-messaging:24.1.0] AndroidManifest.xml:26:22-79
86    <uses-permission android:name="com.google.android.providers.gsf.permission.READ_GSERVICES" />
86-->[com.google.android.recaptcha:recaptcha:18.6.1] AndroidManifest.xml:9:5-98
86-->[com.google.android.recaptcha:recaptcha:18.6.1] AndroidManifest.xml:9:22-95
87    <uses-permission android:name="com.google.android.finsky.permission.BIND_GET_INSTALL_REFERRER_SERVICE" />
87-->[com.google.android.gms:play-services-measurement:22.2.0] AndroidManifest.xml:26:5-110
87-->[com.google.android.gms:play-services-measurement:22.2.0] AndroidManifest.xml:26:22-107
88    <uses-permission android:name="android.permission.FOREGROUND_SERVICE" />
88-->[androidx.work:work-runtime:2.7.0] AndroidManifest.xml:28:5-77
88-->[androidx.work:work-runtime:2.7.0] AndroidManifest.xml:28:22-74
89
90    <permission
90-->[androidx.core:core:1.13.1] AndroidManifest.xml:22:5-24:47
91        android:name="com.icebr8k.android.DYNAMIC_RECEIVER_NOT_EXPORTED_PERMISSION"
91-->[androidx.core:core:1.13.1] AndroidManifest.xml:23:9-81
92        android:protectionLevel="signature" />
92-->[androidx.core:core:1.13.1] AndroidManifest.xml:24:9-44
93
94    <uses-permission android:name="com.icebr8k.android.DYNAMIC_RECEIVER_NOT_EXPORTED_PERMISSION" /> <!-- for android -->
94-->[androidx.core:core:1.13.1] AndroidManifest.xml:26:5-97
94-->[androidx.core:core:1.13.1] AndroidManifest.xml:26:22-94
95    <!-- <uses-permission android:name="com.android.launcher.permission.READ_SETTINGS"/> -->
96    <!-- <uses-permission android:name="com.android.launcher.permission.WRITE_SETTINGS"/> -->
97    <!-- <uses-permission android:name="com.android.launcher.permission.INSTALL_SHORTCUT" /> -->
98    <!-- <uses-permission android:name="com.android.launcher.permission.UNINSTALL_SHORTCUT" /> -->
99    <!-- for Samsung -->
100    <uses-permission android:name="com.sec.android.provider.badge.permission.READ" />
100-->[me.leolin:ShortcutBadger:1.1.22] AndroidManifest.xml:19:5-86
100-->[me.leolin:ShortcutBadger:1.1.22] AndroidManifest.xml:19:22-83
101    <uses-permission android:name="com.sec.android.provider.badge.permission.WRITE" /> <!-- for htc -->
101-->[me.leolin:ShortcutBadger:1.1.22] AndroidManifest.xml:20:5-87
101-->[me.leolin:ShortcutBadger:1.1.22] AndroidManifest.xml:20:22-84
102    <uses-permission android:name="com.htc.launcher.permission.READ_SETTINGS" />
102-->[me.leolin:ShortcutBadger:1.1.22] AndroidManifest.xml:23:5-81
102-->[me.leolin:ShortcutBadger:1.1.22] AndroidManifest.xml:23:22-78
103    <uses-permission android:name="com.htc.launcher.permission.UPDATE_SHORTCUT" /> <!-- for sony -->
103-->[me.leolin:ShortcutBadger:1.1.22] AndroidManifest.xml:24:5-83
103-->[me.leolin:ShortcutBadger:1.1.22] AndroidManifest.xml:24:22-80
104    <uses-permission android:name="com.sonyericsson.home.permission.BROADCAST_BADGE" />
104-->[me.leolin:ShortcutBadger:1.1.22] AndroidManifest.xml:27:5-88
104-->[me.leolin:ShortcutBadger:1.1.22] AndroidManifest.xml:27:22-85
105    <uses-permission android:name="com.sonymobile.home.permission.PROVIDER_INSERT_BADGE" /> <!-- for apex -->
105-->[me.leolin:ShortcutBadger:1.1.22] AndroidManifest.xml:28:5-92
105-->[me.leolin:ShortcutBadger:1.1.22] AndroidManifest.xml:28:22-89
106    <uses-permission android:name="com.anddoes.launcher.permission.UPDATE_COUNT" /> <!-- for solid -->
106-->[me.leolin:ShortcutBadger:1.1.22] AndroidManifest.xml:31:5-84
106-->[me.leolin:ShortcutBadger:1.1.22] AndroidManifest.xml:31:22-81
107    <uses-permission android:name="com.majeur.launcher.permission.UPDATE_BADGE" /> <!-- for huawei -->
107-->[me.leolin:ShortcutBadger:1.1.22] AndroidManifest.xml:34:5-83
107-->[me.leolin:ShortcutBadger:1.1.22] AndroidManifest.xml:34:22-80
108    <uses-permission android:name="com.huawei.android.launcher.permission.CHANGE_BADGE" />
108-->[me.leolin:ShortcutBadger:1.1.22] AndroidManifest.xml:37:5-91
108-->[me.leolin:ShortcutBadger:1.1.22] AndroidManifest.xml:37:22-88
109    <uses-permission android:name="com.huawei.android.launcher.permission.READ_SETTINGS" />
109-->[me.leolin:ShortcutBadger:1.1.22] AndroidManifest.xml:38:5-92
109-->[me.leolin:ShortcutBadger:1.1.22] AndroidManifest.xml:38:22-89
110    <uses-permission android:name="com.huawei.android.launcher.permission.WRITE_SETTINGS" /> <!-- for ZUK -->
110-->[me.leolin:ShortcutBadger:1.1.22] AndroidManifest.xml:39:5-93
110-->[me.leolin:ShortcutBadger:1.1.22] AndroidManifest.xml:39:22-90
111    <uses-permission android:name="android.permission.READ_APP_BADGE" /> <!-- for OPPO -->
111-->[me.leolin:ShortcutBadger:1.1.22] AndroidManifest.xml:42:5-73
111-->[me.leolin:ShortcutBadger:1.1.22] AndroidManifest.xml:42:22-70
112    <uses-permission android:name="com.oppo.launcher.permission.READ_SETTINGS" />
112-->[me.leolin:ShortcutBadger:1.1.22] AndroidManifest.xml:45:5-82
112-->[me.leolin:ShortcutBadger:1.1.22] AndroidManifest.xml:45:22-79
113    <uses-permission android:name="com.oppo.launcher.permission.WRITE_SETTINGS" /> <!-- for EvMe -->
113-->[me.leolin:ShortcutBadger:1.1.22] AndroidManifest.xml:46:5-83
113-->[me.leolin:ShortcutBadger:1.1.22] AndroidManifest.xml:46:22-80
114    <uses-permission android:name="me.everything.badger.permission.BADGE_COUNT_READ" />
114-->[me.leolin:ShortcutBadger:1.1.22] AndroidManifest.xml:49:5-88
114-->[me.leolin:ShortcutBadger:1.1.22] AndroidManifest.xml:49:22-85
115    <uses-permission android:name="me.everything.badger.permission.BADGE_COUNT_WRITE" />
115-->[me.leolin:ShortcutBadger:1.1.22] AndroidManifest.xml:50:5-89
115-->[me.leolin:ShortcutBadger:1.1.22] AndroidManifest.xml:50:22-86
116
117    <application
117-->src\main\AndroidManifest.xml:26:4-88:19
118        android:appComponentFactory="androidx.core.app.CoreComponentFactory"
118-->[androidx.core:core:1.13.1] AndroidManifest.xml:28:18-86
119        android:debuggable="true"
120        android:extractNativeLibs="false"
121        android:icon="@mipmap/ic_launcher"
121-->src\main\AndroidManifest.xml:28:9-43
122        android:label="Icebr8k" >
122-->src\main\AndroidManifest.xml:27:9-32
123        <meta-data
123-->src\main\AndroidManifest.xml:30:8-32:60
124            android:name="com.google.firebase.messaging.default_notification_icon"
124-->src\main\AndroidManifest.xml:31:12-82
125            android:resource="@drawable/notification_icon" />
125-->src\main\AndroidManifest.xml:32:12-58
126        <meta-data
126-->src\main\AndroidManifest.xml:34:8-36:53
127            android:name="com.google.firebase.messaging.default_notification_color"
127-->src\main\AndroidManifest.xml:35:12-83
128            android:resource="@color/primaryColor" />
128-->src\main\AndroidManifest.xml:36:12-50
129        <meta-data
129-->src\main\AndroidManifest.xml:38:8-40:70
130            android:name="com.google.firebase.messaging.default_notification_channel_id"
130-->src\main\AndroidManifest.xml:39:12-88
131            android:value="@string/default_notification_channel_id" />
131-->src\main\AndroidManifest.xml:40:12-67
132        <meta-data
132-->src\main\AndroidManifest.xml:41:8-110
133            android:name="google_analytics_automatic_screen_reporting_enabled"
133-->src\main\AndroidManifest.xml:41:19-85
134            android:value="false" />
134-->src\main\AndroidManifest.xml:41:86-107
135        <meta-data
135-->src\main\AndroidManifest.xml:42:8-44:68
136            android:name="com.google.android.gms.ads.APPLICATION_ID"
136-->src\main\AndroidManifest.xml:43:12-68
137            android:value="ca-app-pub-5061564569223287~1874396204" />
137-->src\main\AndroidManifest.xml:44:12-66
138
139        <activity
139-->src\main\AndroidManifest.xml:46:9-75:20
140            android:name="com.icebr8k.android.MainActivity"
140-->src\main\AndroidManifest.xml:47:13-41
141            android:configChanges="orientation|keyboardHidden|keyboard|screenSize|smallestScreenSize|locale|layoutDirection|fontScale|screenLayout|density|uiMode"
141-->src\main\AndroidManifest.xml:51:13-163
142            android:exported="true"
142-->src\main\AndroidManifest.xml:49:13-36
143            android:hardwareAccelerated="true"
143-->src\main\AndroidManifest.xml:52:13-47
144            android:launchMode="singleTop"
144-->src\main\AndroidManifest.xml:48:13-43
145            android:theme="@style/LaunchTheme"
145-->src\main\AndroidManifest.xml:50:13-47
146            android:windowSoftInputMode="adjustResize" >
146-->src\main\AndroidManifest.xml:53:13-55
147
148            <!--
149                 Specifies an Android theme to apply to this Activity as soon as
150                 the Android process has started. This theme is visible to the user
151                 while the Flutter UI initializes. After that, this theme continues
152                 to determine the Window background behind the Flutter UI.
153            -->
154            <meta-data
154-->src\main\AndroidManifest.xml:58:13-61:17
155                android:name="io.flutter.embedding.android.NormalTheme"
155-->src\main\AndroidManifest.xml:59:15-70
156                android:resource="@style/NormalTheme" />
156-->src\main\AndroidManifest.xml:60:15-52
157            <!--
158                 Displays an Android View that continues showing the launch screen
159                 Drawable until Flutter paints its first frame, then this splash
160                 screen fades out. A splash screen is useful to avoid any visual
161                 gap between the end of Android's launch screen and the painting of
162                 Flutter's first frame.
163            -->
164            <meta-data
164-->src\main\AndroidManifest.xml:67:13-70:17
165                android:name="io.flutter.embedding.android.SplashScreenDrawable"
165-->src\main\AndroidManifest.xml:68:15-79
166                android:resource="@drawable/launch_background" />
166-->src\main\AndroidManifest.xml:69:15-61
167
168            <intent-filter>
168-->src\main\AndroidManifest.xml:71:13-74:29
169                <action android:name="android.intent.action.MAIN" />
169-->src\main\AndroidManifest.xml:72:17-68
169-->src\main\AndroidManifest.xml:72:25-66
170
171                <category android:name="android.intent.category.LAUNCHER" />
171-->src\main\AndroidManifest.xml:73:17-76
171-->src\main\AndroidManifest.xml:73:27-74
172            </intent-filter>
173        </activity>
174        <activity
174-->src\main\AndroidManifest.xml:77:8-81:70
175            android:name="com.yalantis.ucrop.UCropActivity"
175-->src\main\AndroidManifest.xml:78:12-59
176            android:exported="true"
176-->src\main\AndroidManifest.xml:79:12-35
177            android:screenOrientation="portrait"
177-->src\main\AndroidManifest.xml:80:12-48
178            android:theme="@style/Theme.AppCompat.Light.NoActionBar" />
178-->src\main\AndroidManifest.xml:81:12-68
179
180        <!--
181             Don't delete the meta-data below.
182             This is used by the Flutter tool to generate GeneratedPluginRegistrant.java
183        -->
184        <meta-data
184-->src\main\AndroidManifest.xml:85:9-87:33
185            android:name="flutterEmbedding"
185-->src\main\AndroidManifest.xml:86:13-44
186            android:value="2" />
186-->src\main\AndroidManifest.xml:87:13-30
187        <meta-data
187-->[:google_mobile_ads] AndroidManifest.xml:10:9-12:36
188            android:name="io.flutter.embedded_views_preview"
188-->[:google_mobile_ads] AndroidManifest.xml:11:13-61
189            android:value="true" />
189-->[:google_mobile_ads] AndroidManifest.xml:12:13-33
190
191        <service
191-->[:firebase_crashlytics] AndroidManifest.xml:8:9-12:19
192            android:name="com.google.firebase.components.ComponentDiscoveryService"
192-->[:firebase_crashlytics] AndroidManifest.xml:8:18-89
193            android:directBootAware="true"
193-->[com.google.firebase:firebase-common:21.0.0] AndroidManifest.xml:32:13-43
194            android:exported="false" >
194-->[com.google.firebase:firebase-crashlytics:19.4.0] AndroidManifest.xml:14:13-37
195            <meta-data
195-->[:firebase_crashlytics] AndroidManifest.xml:9:13-11:85
196                android:name="com.google.firebase.components:io.flutter.plugins.firebase.crashlytics.FlutterFirebaseAppRegistrar"
196-->[:firebase_crashlytics] AndroidManifest.xml:10:17-130
197                android:value="com.google.firebase.components.ComponentRegistrar" />
197-->[:firebase_crashlytics] AndroidManifest.xml:11:17-82
198            <meta-data
198-->[:cloud_firestore] AndroidManifest.xml:9:13-11:85
199                android:name="com.google.firebase.components:io.flutter.plugins.firebase.firestore.FlutterFirebaseFirestoreRegistrar"
199-->[:cloud_firestore] AndroidManifest.xml:10:17-134
200                android:value="com.google.firebase.components.ComponentRegistrar" />
200-->[:cloud_firestore] AndroidManifest.xml:11:17-82
201            <meta-data
201-->[:cloud_functions] AndroidManifest.xml:9:13-11:85
202                android:name="com.google.firebase.components:io.flutter.plugins.firebase.functions.FlutterFirebaseAppRegistrar"
202-->[:cloud_functions] AndroidManifest.xml:10:17-128
203                android:value="com.google.firebase.components.ComponentRegistrar" />
203-->[:cloud_functions] AndroidManifest.xml:11:17-82
204            <meta-data
204-->[:firebase_analytics] AndroidManifest.xml:13:13-15:85
205                android:name="com.google.firebase.components:io.flutter.plugins.firebase.analytics.FlutterFirebaseAppRegistrar"
205-->[:firebase_analytics] AndroidManifest.xml:14:17-128
206                android:value="com.google.firebase.components.ComponentRegistrar" />
206-->[:firebase_analytics] AndroidManifest.xml:15:17-82
207            <meta-data
207-->[:firebase_auth] AndroidManifest.xml:9:13-11:85
208                android:name="com.google.firebase.components:io.flutter.plugins.firebase.auth.FlutterFirebaseAuthRegistrar"
208-->[:firebase_auth] AndroidManifest.xml:10:17-124
209                android:value="com.google.firebase.components.ComponentRegistrar" />
209-->[:firebase_auth] AndroidManifest.xml:11:17-82
210            <meta-data
210-->[:firebase_messaging] AndroidManifest.xml:36:13-38:85
211                android:name="com.google.firebase.components:io.flutter.plugins.firebase.messaging.FlutterFirebaseAppRegistrar"
211-->[:firebase_messaging] AndroidManifest.xml:37:17-128
212                android:value="com.google.firebase.components.ComponentRegistrar" />
212-->[:firebase_messaging] AndroidManifest.xml:38:17-82
213            <meta-data
213-->[:firebase_performance] AndroidManifest.xml:11:13-13:85
214                android:name="com.google.firebase.components:io.flutter.plugins.firebase.performance.FlutterFirebaseAppRegistrar"
214-->[:firebase_performance] AndroidManifest.xml:12:17-130
215                android:value="com.google.firebase.components.ComponentRegistrar" />
215-->[:firebase_performance] AndroidManifest.xml:13:17-82
216            <meta-data
216-->[:firebase_storage] AndroidManifest.xml:9:13-11:85
217                android:name="com.google.firebase.components:io.flutter.plugins.firebase.storage.FlutterFirebaseAppRegistrar"
217-->[:firebase_storage] AndroidManifest.xml:10:17-126
218                android:value="com.google.firebase.components.ComponentRegistrar" />
218-->[:firebase_storage] AndroidManifest.xml:11:17-82
219            <meta-data
219-->[:firebase_core] AndroidManifest.xml:9:13-11:85
220                android:name="com.google.firebase.components:io.flutter.plugins.firebase.core.FlutterFirebaseCoreRegistrar"
220-->[:firebase_core] AndroidManifest.xml:10:17-124
221                android:value="com.google.firebase.components.ComponentRegistrar" />
221-->[:firebase_core] AndroidManifest.xml:11:17-82
222            <meta-data
222-->[com.google.firebase:firebase-crashlytics:19.4.0] AndroidManifest.xml:15:13-17:85
223                android:name="com.google.firebase.components:com.google.firebase.crashlytics.FirebaseCrashlyticsKtxRegistrar"
223-->[com.google.firebase:firebase-crashlytics:19.4.0] AndroidManifest.xml:16:17-126
224                android:value="com.google.firebase.components.ComponentRegistrar" />
224-->[com.google.firebase:firebase-crashlytics:19.4.0] AndroidManifest.xml:17:17-82
225            <meta-data
225-->[com.google.firebase:firebase-crashlytics:19.4.0] AndroidManifest.xml:18:13-20:85
226                android:name="com.google.firebase.components:com.google.firebase.crashlytics.CrashlyticsRegistrar"
226-->[com.google.firebase:firebase-crashlytics:19.4.0] AndroidManifest.xml:19:17-115
227                android:value="com.google.firebase.components.ComponentRegistrar" />
227-->[com.google.firebase:firebase-crashlytics:19.4.0] AndroidManifest.xml:20:17-82
228            <meta-data
228-->[com.google.firebase:firebase-perf:21.0.4] AndroidManifest.xml:14:13-16:85
229                android:name="com.google.firebase.components:com.google.firebase.perf.FirebasePerfKtxRegistrar"
229-->[com.google.firebase:firebase-perf:21.0.4] AndroidManifest.xml:15:17-112
230                android:value="com.google.firebase.components.ComponentRegistrar" />
230-->[com.google.firebase:firebase-perf:21.0.4] AndroidManifest.xml:16:17-82
231            <meta-data
231-->[com.google.firebase:firebase-perf:21.0.4] AndroidManifest.xml:17:13-19:85
232                android:name="com.google.firebase.components:com.google.firebase.perf.FirebasePerfRegistrar"
232-->[com.google.firebase:firebase-perf:21.0.4] AndroidManifest.xml:18:17-109
233                android:value="com.google.firebase.components.ComponentRegistrar" />
233-->[com.google.firebase:firebase-perf:21.0.4] AndroidManifest.xml:19:17-82
234            <meta-data
234-->[com.google.firebase:firebase-auth:23.2.0] AndroidManifest.xml:69:13-71:85
235                android:name="com.google.firebase.components:com.google.firebase.auth.FirebaseAuthRegistrar"
235-->[com.google.firebase:firebase-auth:23.2.0] AndroidManifest.xml:70:17-109
236                android:value="com.google.firebase.components.ComponentRegistrar" />
236-->[com.google.firebase:firebase-auth:23.2.0] AndroidManifest.xml:71:17-82
237            <meta-data
237-->[com.google.firebase:firebase-firestore:25.1.2] AndroidManifest.xml:17:13-19:85
238                android:name="com.google.firebase.components:com.google.firebase.firestore.FirebaseFirestoreKtxRegistrar"
238-->[com.google.firebase:firebase-firestore:25.1.2] AndroidManifest.xml:18:17-122
239                android:value="com.google.firebase.components.ComponentRegistrar" />
239-->[com.google.firebase:firebase-firestore:25.1.2] AndroidManifest.xml:19:17-82
240            <meta-data
240-->[com.google.firebase:firebase-firestore:25.1.2] AndroidManifest.xml:20:13-22:85
241                android:name="com.google.firebase.components:com.google.firebase.firestore.FirestoreRegistrar"
241-->[com.google.firebase:firebase-firestore:25.1.2] AndroidManifest.xml:21:17-111
242                android:value="com.google.firebase.components.ComponentRegistrar" />
242-->[com.google.firebase:firebase-firestore:25.1.2] AndroidManifest.xml:22:17-82
243            <meta-data
243-->[com.google.firebase:firebase-functions:21.1.0] AndroidManifest.xml:15:13-17:85
244                android:name="com.google.firebase.components:com.google.firebase.functions.FirebaseFunctionsKtxRegistrar"
244-->[com.google.firebase:firebase-functions:21.1.0] AndroidManifest.xml:16:17-122
245                android:value="com.google.firebase.components.ComponentRegistrar" />
245-->[com.google.firebase:firebase-functions:21.1.0] AndroidManifest.xml:17:17-82
246            <meta-data
246-->[com.google.firebase:firebase-functions:21.1.0] AndroidManifest.xml:18:13-20:85
247                android:name="com.google.firebase.components:com.google.firebase.functions.FunctionsRegistrar"
247-->[com.google.firebase:firebase-functions:21.1.0] AndroidManifest.xml:19:17-111
248                android:value="com.google.firebase.components.ComponentRegistrar" />
248-->[com.google.firebase:firebase-functions:21.1.0] AndroidManifest.xml:20:17-82
249            <meta-data
249-->[com.google.firebase:firebase-messaging:24.1.0] AndroidManifest.xml:57:13-59:85
250                android:name="com.google.firebase.components:com.google.firebase.messaging.FirebaseMessagingKtxRegistrar"
250-->[com.google.firebase:firebase-messaging:24.1.0] AndroidManifest.xml:58:17-122
251                android:value="com.google.firebase.components.ComponentRegistrar" />
251-->[com.google.firebase:firebase-messaging:24.1.0] AndroidManifest.xml:59:17-82
252            <meta-data
252-->[com.google.firebase:firebase-messaging:24.1.0] AndroidManifest.xml:60:13-62:85
253                android:name="com.google.firebase.components:com.google.firebase.messaging.FirebaseMessagingRegistrar"
253-->[com.google.firebase:firebase-messaging:24.1.0] AndroidManifest.xml:61:17-119
254                android:value="com.google.firebase.components.ComponentRegistrar" />
254-->[com.google.firebase:firebase-messaging:24.1.0] AndroidManifest.xml:62:17-82
255            <meta-data
255-->[com.google.android.gms:play-services-measurement-api:22.2.0] AndroidManifest.xml:33:13-35:85
256                android:name="com.google.firebase.components:com.google.firebase.analytics.connector.internal.AnalyticsConnectorRegistrar"
256-->[com.google.android.gms:play-services-measurement-api:22.2.0] AndroidManifest.xml:34:17-139
257                android:value="com.google.firebase.components.ComponentRegistrar" />
257-->[com.google.android.gms:play-services-measurement-api:22.2.0] AndroidManifest.xml:35:17-82
258            <meta-data
258-->[com.google.firebase:firebase-sessions:2.0.8] AndroidManifest.xml:29:13-31:85
259                android:name="com.google.firebase.components:com.google.firebase.sessions.FirebaseSessionsRegistrar"
259-->[com.google.firebase:firebase-sessions:2.0.8] AndroidManifest.xml:30:17-117
260                android:value="com.google.firebase.components.ComponentRegistrar" />
260-->[com.google.firebase:firebase-sessions:2.0.8] AndroidManifest.xml:31:17-82
261            <meta-data
261-->[com.google.firebase:firebase-iid:21.1.0] AndroidManifest.xml:32:13-34:85
262                android:name="com.google.firebase.components:com.google.firebase.iid.Registrar"
262-->[com.google.firebase:firebase-iid:21.1.0] AndroidManifest.xml:33:17-96